<?xml version="1.0" encoding="UTF-8"?>
<testsuite xmlns:xsi="http://www.w3.org/2001/XMLSchema-instance" xsi:noNamespaceSchemaLocation="https://maven.apache.org/surefire/maven-surefire-plugin/xsd/surefire-test-report-3.0.xsd" version="3.0" name="dio.cloud.CloudApplicationTests" time="10.968" tests="1" errors="0" skipped="0" failures="0">
  <properties>
[...]
</properties>
  <testcase name="contextLoads" classname="dio.cloud.CloudApplicationTests" time="1.0">
    <system-out><![CDATA[23:05:46.779 [main] INFO org.springframework.test.context.support.AnnotationConfigContextLoaderUtils -- Could not detect default configuration classes for test class [dio.cloud.CloudApplicationTests]: CloudApplicationTests does not declare any static, non-private, non-final, nested classes annotated with @Configuration.
23:05:47.009 [main] INFO org.springframework.boot.test.context.SpringBootTestContextBootstrapper -- Found @SpringBootConfiguration dio.cloud.Application for test class dio.cloud.CloudApplicationTests

  .   ____          _            __ _ _
 /\\ / ___'_ __ _ _(_)_ __  __ _ \ \ \ \
( ( )\___ | '_ | '_| | '_ \/ _` | \ \ \ \
 \\/  ___)| |_)| | | | | || (_| |  ) ) ) )
  '  |____| .__|_| |_|_| |_\__, | / / / /
 =========|_|==============|___/=/_/_/_/
 :: Spring Boot ::               (v3.2.11)

2024-11-15T23:05:48.119-03:00  INFO 14792 --- [cloud] [           main] dio.cloud.CloudApplicationTests          : Starting CloudApplicationTests using Java 22.0.2 with PID 14792 (started by apodr in C:\Users\apodr\OneDrive\Documentos\Estudos\Dio\Java-Claro\springboot\springboot-cloud)
2024-11-15T23:05:48.123-03:00  INFO 14792 --- [cloud] [           main] dio.cloud.CloudApplicationTests          : No active profile set, falling back to 1 default profile: "default"
2024-11-15T23:05:49.574-03:00  INFO 14792 --- [cloud] [           main] .s.d.r.c.RepositoryConfigurationDelegate : Bootstrapping Spring Data JPA repositories in DEFAULT mode.
2024-11-15T23:05:49.687-03:00  INFO 14792 --- [cloud] [           main] .s.d.r.c.RepositoryConfigurationDelegate : Finished Spring Data repository scanning in 100 ms. Found 1 JPA repository interface.
2024-11-15T23:05:50.593-03:00  INFO 14792 --- [cloud] [           main] com.zaxxer.hikari.HikariDataSource       : HikariPool-1 - Starting...
2024-11-15T23:05:50.955-03:00  INFO 14792 --- [cloud] [           main] com.zaxxer.hikari.pool.HikariPool        : HikariPool-1 - Added connection conn0: url=jdbc:h2:mem:e65fba38-436d-4df2-8ae5-5ad7e24385c3 user=SA
2024-11-15T23:05:50.957-03:00  INFO 14792 --- [cloud] [           main] com.zaxxer.hikari.HikariDataSource       : HikariPool-1 - Start completed.
2024-11-15T23:05:51.037-03:00  INFO 14792 --- [cloud] [           main] o.hibernate.jpa.internal.util.LogHelper  : HHH000204: Processing PersistenceUnitInfo [name: default]
2024-11-15T23:05:51.197-03:00  INFO 14792 --- [cloud] [           main] org.hibernate.Version                    : HHH000412: Hibernate ORM core version 6.4.10.Final
2024-11-15T23:05:51.288-03:00  INFO 14792 --- [cloud] [           main] o.h.c.internal.RegionFactoryInitiator    : HHH000026: Second-level cache disabled
2024-11-15T23:05:51.813-03:00  INFO 14792 --- [cloud] [           main] o.s.o.j.p.SpringPersistenceUnitInfo      : No LoadTimeWeaver setup: ignoring JPA class transformer
2024-11-15T23:05:54.254-03:00  INFO 14792 --- [cloud] [           main] o.h.e.t.j.p.i.JtaPlatformInitiator       : HHH000489: No JTA platform available (set 'hibernate.transaction.jta.platform' to enable JTA platform integration)
2024-11-15T23:05:54.367-03:00  INFO 14792 --- [cloud] [           main] j.LocalContainerEntityManagerFactoryBean : Initialized JPA EntityManagerFactory for persistence unit 'default'
2024-11-15T23:05:55.377-03:00  WARN 14792 --- [cloud] [           main] JpaBaseConfiguration$JpaWebConfiguration : spring.jpa.open-in-view is enabled by default. Therefore, database queries may be performed during view rendering. Explicitly configure spring.jpa.open-in-view to disable this warning
2024-11-15T23:05:56.113-03:00  WARN 14792 --- [cloud] [           main] o.s.b.a.m.MustacheAutoConfiguration      : Cannot find template location: classpath:/templates/ (please add some templates, check your Mustache configuration, or set spring.mustache.check-template-location=false)
2024-11-15T23:05:56.353-03:00  INFO 14792 --- [cloud] [           main] dio.cloud.CloudApplicationTests          : Started CloudApplicationTests in 8.909 seconds (process running for 11.051)
]]></system-out>
    <system-err><![CDATA[SLF4J(W): Class path contains multiple SLF4J providers.
SLF4J(W): Found provider [ch.qos.logback.classic.spi.LogbackServiceProvider@561b6512]
SLF4J(W): Found provider [org.slf4j.simple.SimpleServiceProvider@2e377400]
SLF4J(W): See https://www.slf4j.org/codes.html#multiple_bindings for an explanation.
SLF4J(I): Actual provider is of type [ch.qos.logback.classic.spi.LogbackServiceProvider@561b6512]
WARNING: A Java agent has been loaded dynamically (C:\Users\apodr\.m2\repository\net\bytebuddy\byte-buddy-agent\1.14.19\byte-buddy-agent-1.14.19.jar)
WARNING: If a serviceability tool is in use, please run with -XX:+EnableDynamicAgentLoading to hide this warning
WARNING: If a serviceability tool is not in use, please run with -Djdk.instrument.traceUsage for more information
WARNING: Dynamic loading of agents will be disallowed by default in a future release
]]></system-err>
  </testcase>
</testsuite>